#
# There is insufficient memory for the Java Runtime Environment to continue.
# Native memory allocation (malloc) failed to allocate 2097152 bytes. Error detail: AllocateHeap
# Possible reasons:
#   The system is out of physical RAM or swap space
#   This process is running with CompressedOops enabled, and the Java Heap may be blocking the growth of the native heap
# Possible solutions:
#   Reduce memory load on the system
#   Increase physical memory or swap space
#   Check if swap backing store is full
#   Decrease Java heap size (-Xmx/-Xms)
#   Decrease number of Java threads
#   Decrease Java thread stack sizes (-Xss)
#   Set larger code cache with -XX:ReservedCodeCacheSize=
#   JVM is running with Unscaled Compressed Oops mode in which the Java heap is
#     placed in the first 4GB address space. The Java Heap base address is the
#     maximum limit for the native heap growth. Please use -XX:HeapBaseMinAddress
#     to set the Java Heap base and to place the Java Heap above 4GB virtual address.
# This output file may be truncated or incomplete.
#
#  Out of Memory Error (allocation.cpp:44), pid=17856, tid=9108
#
# JRE version: OpenJDK Runtime Environment Temurin-17.0.11+9 (17.0.11+9) (build 17.0.11+9)
# Java VM: OpenJDK 64-Bit Server VM Temurin-17.0.11+9 (17.0.11+9, mixed mode, emulated-client, tiered, compressed oops, compressed class ptrs, g1 gc, windows-amd64)
# No core dump will be written. Minidumps are not enabled by default on client versions of Windows
#

---------------  S U M M A R Y ------------

Command Line: -Xmx1024m -Dsts.lsp.client=vscode -Dsts.log.file=/dev/null -XX:TieredStopAtLevel=1 -Xlog:jni+resolve=off -Dspring.config.location=file:c:\Users\thila\.vscode\extensions\vmware.vscode-spring-boot-1.56.0\language-server\BOOT-INF\classes\application.properties org.springframework.ide.vscode.boot.app.BootLanguageServerBootApp

Host: 11th Gen Intel(R) Core(TM) i5-1135G7 @ 2.40GHz, 8 cores, 7G,  Windows 11 , 64 bit Build 22621 (10.0.22621.3672)
Time: Mon Aug 12 22:17:46 2024 India Standard Time elapsed time: 6997.844147 seconds (0d 1h 56m 37s)

---------------  T H R E A D  ---------------

Current thread (0x000002060c35b790):  VMThread "VM Thread" [stack: 0x000000ad36500000,0x000000ad36600000] [id=9108]

Stack: [0x000000ad36500000,0x000000ad36600000]
Native frames: (J=compiled Java code, j=interpreted, Vv=VM code, C=native code)
V  [jvm.dll+0x67d429]
V  [jvm.dll+0x834b7a]
V  [jvm.dll+0x83663e]
V  [jvm.dll+0x836ca3]
V  [jvm.dll+0x247dbf]
V  [jvm.dll+0xa6cb3]
V  [jvm.dll+0x2f8b61]
V  [jvm.dll+0x2f4750]
V  [jvm.dll+0x2dcf67]
V  [jvm.dll+0x31fb67]
V  [jvm.dll+0x83b19b]
V  [jvm.dll+0x83bed2]
V  [jvm.dll+0x83c3ed]
V  [jvm.dll+0x83c7c4]
V  [jvm.dll+0x83c890]
V  [jvm.dll+0x7e410a]
V  [jvm.dll+0x67c315]
C  [ucrtbase.dll+0x29333]
C  [KERNEL32.DLL+0x1257d]
C  [ntdll.dll+0x5af28]

VM_Operation (0x000000ad379fed00): G1CollectFull, mode: safepoint, requested by thread 0x00000206120d87d0


---------------  P R O C E S S  ---------------

Threads class SMR info:
_java_thread_list=0x00000206124812f0, length=27, elements={
0x000002060c376390, 0x000002060c387c40, 0x000002060c4b7910, 0x000002060c4b7df0,
0x000002060c4b82d0, 0x000002060c4c9f10, 0x000002060c4ca3f0, 0x000002060c4f5560,
0x000002060c6e8bf0, 0x000002060c6eafb0, 0x000002061223aab0, 0x00000206120d87d0,
0x0000020611850c80, 0x000002067f4e9eb0, 0x000002061227f840, 0x00000206113a4fc0,
0x0000020611be3540, 0x0000020611be4470, 0x0000020611be3030, 0x0000020611be3a50,
0x00000206125e23a0, 0x00000206125e37e0, 0x00000206125e1980, 0x00000206125e2dc0,
0x00000206125e5130, 0x0000020611be3f60, 0x000002061175d510
}

Java Threads: ( => current thread )
  0x000002060c376390 JavaThread "Reference Handler" daemon [_thread_blocked, id=13420, stack(0x000000ad36600000,0x000000ad36700000)]
  0x000002060c387c40 JavaThread "Finalizer" daemon [_thread_blocked, id=23952, stack(0x000000ad36700000,0x000000ad36800000)]
  0x000002060c4b7910 JavaThread "Signal Dispatcher" daemon [_thread_blocked, id=3436, stack(0x000000ad36800000,0x000000ad36900000)]
  0x000002060c4b7df0 JavaThread "Attach Listener" daemon [_thread_blocked, id=8340, stack(0x000000ad36900000,0x000000ad36a00000)]
  0x000002060c4b82d0 JavaThread "Service Thread" daemon [_thread_blocked, id=12892, stack(0x000000ad36a00000,0x000000ad36b00000)]
  0x000002060c4c9f10 JavaThread "Monitor Deflation Thread" daemon [_thread_blocked, id=20120, stack(0x000000ad36b00000,0x000000ad36c00000)]
  0x000002060c4ca3f0 JavaThread "C1 CompilerThread0" daemon [_thread_blocked, id=20868, stack(0x000000ad36c00000,0x000000ad36d00000)]
  0x000002060c4f5560 JavaThread "Sweeper thread" daemon [_thread_blocked, id=10772, stack(0x000000ad36d00000,0x000000ad36e00000)]
  0x000002060c6e8bf0 JavaThread "Notification Thread" daemon [_thread_blocked, id=18300, stack(0x000000ad37000000,0x000000ad37100000)]
  0x000002060c6eafb0 JavaThread "Common-Cleaner" daemon [_thread_blocked, id=12976, stack(0x000000ad37200000,0x000000ad37300000)]
  0x000002061223aab0 JavaThread "boundedElastic-evictor-1" daemon [_thread_blocked, id=14340, stack(0x000000ad37800000,0x000000ad37900000)]
  0x00000206120d87d0 JavaThread "pool-13-thread-1" [_thread_blocked, id=2904, stack(0x000000ad37900000,0x000000ad37a00000)]
  0x0000020611850c80 JavaThread "LanguageServerApp-lifecycle" [_thread_blocked, id=24932, stack(0x000000ad37d00000,0x000000ad37e00000)]
  0x000002067f4e9eb0 JavaThread "DestroyJavaVM" [_thread_blocked, id=20236, stack(0x000000ad35f00000,0x000000ad36000000)]
  0x000002061227f840 JavaThread "pool-14-thread-1" [_thread_in_native, id=19428, stack(0x000000ad37e00000,0x000000ad37f00000)]
  0x00000206113a4fc0 JavaThread "Simple-Language-Server main thread" daemon [_thread_blocked, id=9464, stack(0x000000ad37f00000,0x000000ad38000000)]
  0x0000020611be3540 JavaThread "pool-8-thread-1" [_thread_blocked, id=18188, stack(0x000000ad38300000,0x000000ad38400000)]
  0x0000020611be4470 JavaThread "parallel-1" daemon [_thread_blocked, id=25392, stack(0x000000ad38400000,0x000000ad38500000)]
  0x0000020611be3030 JavaThread "pool-6-thread-1" [_thread_blocked, id=13780, stack(0x000000ad38500000,0x000000ad38600000)]
  0x0000020611be3a50 JavaThread "parallel-2" daemon [_thread_blocked, id=2600, stack(0x000000ad38600000,0x000000ad38700000)]
  0x00000206125e23a0 JavaThread "parallel-3" daemon [_thread_blocked, id=2488, stack(0x000000ad38700000,0x000000ad38800000)]
  0x00000206125e37e0 JavaThread "parallel-4" daemon [_thread_blocked, id=11296, stack(0x000000ad38d00000,0x000000ad38e00000)]
  0x00000206125e1980 JavaThread "Reconciler-1" daemon [_thread_blocked, id=12792, stack(0x000000ad38e00000,0x000000ad38f00000)]
  0x00000206125e2dc0 JavaThread "parallel-5" daemon [_thread_blocked, id=23328, stack(0x000000ad37700000,0x000000ad37800000)]
  0x00000206125e5130 JavaThread "parallel-6" daemon [_thread_blocked, id=14768, stack(0x000000ad38200000,0x000000ad38300000)]
  0x0000020611be3f60 JavaThread "parallel-7" daemon [_thread_blocked, id=13796, stack(0x000000ad38a00000,0x000000ad38b00000)]
  0x000002061175d510 JavaThread "parallel-8" daemon [_thread_blocked, id=8840, stack(0x000000ad38f00000,0x000000ad39000000)]

Other Threads:
=>0x000002060c35b790 VMThread "VM Thread" [stack: 0x000000ad36500000,0x000000ad36600000] [id=9108]
  0x000002060c6e94e0 WatcherThread [stack: 0x000000ad37100000,0x000000ad37200000] [id=16036]
  0x000002067f527e50 GCTaskThread "GC Thread#0" [stack: 0x000000ad36000000,0x000000ad36100000] [id=9152]
  0x00000206118b1d10 GCTaskThread "GC Thread#1" [stack: 0x000000ad36f00000,0x000000ad37000000] [id=14200]
  0x00000206118f9860 GCTaskThread "GC Thread#2" [stack: 0x000000ad37300000,0x000000ad37400000] [id=21144]
  0x00000206118f9b20 GCTaskThread "GC Thread#3" [stack: 0x000000ad37400000,0x000000ad37500000] [id=22144]
  0x00000206119f3570 GCTaskThread "GC Thread#4" [stack: 0x000000ad37500000,0x000000ad37600000] [id=24656]
  0x00000206119f3830 GCTaskThread "GC Thread#5" [stack: 0x000000ad37600000,0x000000ad37700000] [id=4324]
  0x0000020611dd8070 GCTaskThread "GC Thread#6" [stack: 0x000000ad37a00000,0x000000ad37b00000] [id=3988]
  0x0000020611d847b0 GCTaskThread "GC Thread#7" [stack: 0x000000ad37b00000,0x000000ad37c00000] [id=9460]
  0x000002067f530cb0 ConcurrentGCThread "G1 Main Marker" [stack: 0x000000ad36100000,0x000000ad36200000] [id=20748]
  0x000002067f5315e0 ConcurrentGCThread "G1 Conc#0" [stack: 0x000000ad36200000,0x000000ad36300000] [id=3408]
  0x0000020611d84a70 ConcurrentGCThread "G1 Conc#1" [stack: 0x000000ad37c00000,0x000000ad37d00000] [id=11688]
  0x000002060c1c20b0 ConcurrentGCThread "G1 Refine#0" [stack: 0x000000ad36300000,0x000000ad36400000] [id=25560]
  0x000002060c1c2600 ConcurrentGCThread "G1 Service" [stack: 0x000000ad36400000,0x000000ad36500000] [id=22952]

Threads with active compile tasks:

VM state: at safepoint (normal execution)

VM Mutex/Monitor currently owned by a thread:  ([mutex/lock_event])
[0x000002067f3966a0] Threads_lock - owner thread: 0x000002060c35b790
[0x000002067f392cc0] Heap_lock - owner thread: 0x00000206120d87d0

Heap address: 0x00000000c0000000, size: 1024 MB, Compressed Oops mode: 32-bit

CDS archive(s) not mapped
Compressed class space mapped at: 0x0000000100000000-0x0000000140000000, reserved size: 1073741824
Narrow klass base: 0x0000000000000000, Narrow klass shift: 3, Narrow klass range: 0x140000000

GC Precious Log:
 CPUs: 8 total, 8 available
 Memory: 7886M
 Large Page Support: Disabled
 NUMA Support: Disabled
 Compressed Oops: Enabled (32-bit)
 Heap Region Size: 1M
 Heap Min Capacity: 8M
 Heap Initial Capacity: 124M
 Heap Max Capacity: 1G
 Pre-touch: Disabled
 Parallel Workers: 8
 Concurrent Workers: 2
 Concurrent Refinement Workers: 8
 Periodic GC: Disabled

Heap:
 garbage-first heap   total 75776K, used 27240K [0x00000000c0000000, 0x0000000100000000)
  region size 1024K, 1 young (1024K), 0 survivors (0K)
 Metaspace       used 49556K, committed 50112K, reserved 1114112K
  class space    used 6242K, committed 6464K, reserved 1048576K

Heap Regions: E=young(eden), S=young(survivor), O=old, HS=humongous(starts), HC=humongous(continues), CS=collection set, F=free, OA=open archive, CA=closed archive, TAMS=top-at-mark-start (previous, next)
|   0|0x00000000c0000000, 0x00000000c0100000, 0x00000000c0100000|100%|HS|  |TAMS 0x00000000c0100000, 0x00000000c0000000| Untracked 
|   1|0x00000000c0100000, 0x00000000c0200000, 0x00000000c0200000|100%|HC|  |TAMS 0x00000000c0200000, 0x00000000c0100000| Untracked 
|   2|0x00000000c0200000, 0x00000000c0300000, 0x00000000c0300000|100%|HC|  |TAMS 0x00000000c0300000, 0x00000000c0200000| Untracked 
|   3|0x00000000c0300000, 0x00000000c0400000, 0x00000000c0400000|100%|HC|  |TAMS 0x00000000c0400000, 0x00000000c0300000| Untracked 
|   4|0x00000000c0400000, 0x00000000c0500000, 0x00000000c0500000|100%|HS|  |TAMS 0x00000000c0500000, 0x00000000c0400000| Untracked 
|   5|0x00000000c0500000, 0x00000000c0600000, 0x00000000c0600000|100%|HC|  |TAMS 0x00000000c0600000, 0x00000000c0500000| Untracked 
|   6|0x00000000c0600000, 0x00000000c0700000, 0x00000000c0700000|100%| O|  |TAMS 0x00000000c0700000, 0x00000000c0600000| Untracked 
|   7|0x00000000c0700000, 0x00000000c0800000, 0x00000000c0800000|100%| O|  |TAMS 0x00000000c0800000, 0x00000000c0700000| Untracked 
|   8|0x00000000c0800000, 0x00000000c0900000, 0x00000000c0900000|100%| O|  |TAMS 0x00000000c0900000, 0x00000000c0800000| Untracked 
|   9|0x00000000c0900000, 0x00000000c0a00000, 0x00000000c0a00000|100%| O|  |TAMS 0x00000000c0a00000, 0x00000000c0900000| Untracked 
|  10|0x00000000c0a00000, 0x00000000c0b00000, 0x00000000c0b00000|100%| O|  |TAMS 0x00000000c0b00000, 0x00000000c0a00000| Untracked 
|  11|0x00000000c0b00000, 0x00000000c0bffff0, 0x00000000c0c00000| 99%| O|  |TAMS 0x00000000c0bffff0, 0x00000000c0b00000| Untracked 
|  12|0x00000000c0c00000, 0x00000000c0d00000, 0x00000000c0d00000|100%| O|  |TAMS 0x00000000c0d00000, 0x00000000c0c00000| Untracked 
|  13|0x00000000c0d00000, 0x00000000c0e00000, 0x00000000c0e00000|100%| O|  |TAMS 0x00000000c0e00000, 0x00000000c0d00000| Untracked 
|  14|0x00000000c0e00000, 0x00000000c0f00000, 0x00000000c0f00000|100%| O|  |TAMS 0x00000000c0f00000, 0x00000000c0e00000| Untracked 
|  15|0x00000000c0f00000, 0x00000000c0ffff90, 0x00000000c1000000| 99%| O|  |TAMS 0x00000000c0ffff90, 0x00000000c0f00000| Untracked 
|  16|0x00000000c1000000, 0x00000000c10fffc8, 0x00000000c1100000| 99%| O|  |TAMS 0x00000000c10fffc8, 0x00000000c1000000| Untracked 
|  17|0x00000000c1100000, 0x00000000c11fffe0, 0x00000000c1200000| 99%| O|  |TAMS 0x00000000c11fffe0, 0x00000000c1100000| Untracked 
|  18|0x00000000c1200000, 0x00000000c12fffc0, 0x00000000c1300000| 99%| O|  |TAMS 0x00000000c12fffc0, 0x00000000c1200000| Untracked 
|  19|0x00000000c1300000, 0x00000000c13fffe8, 0x00000000c1400000| 99%| O|  |TAMS 0x00000000c13fffe8, 0x00000000c1300000| Untracked 
|  20|0x00000000c1400000, 0x00000000c1500000, 0x00000000c1500000|100%| O|  |TAMS 0x00000000c1500000, 0x00000000c1400000| Untracked 
|  21|0x00000000c1500000, 0x00000000c15fffc0, 0x00000000c1600000| 99%| O|  |TAMS 0x00000000c15fffc0, 0x00000000c1500000| Untracked 
|  22|0x00000000c1600000, 0x00000000c16ffff8, 0x00000000c1700000| 99%| O|  |TAMS 0x00000000c16ffff8, 0x00000000c1600000| Untracked 
|  23|0x00000000c1700000, 0x00000000c17ff6e0, 0x00000000c1800000| 99%| O|  |TAMS 0x00000000c17ff6e0, 0x00000000c1700000| Untracked 
|  24|0x00000000c1800000, 0x00000000c18fffc0, 0x00000000c1900000| 99%| O|  |TAMS 0x00000000c18fffc0, 0x00000000c1800000| Untracked 
|  25|0x00000000c1900000, 0x00000000c19ffff0, 0x00000000c1a00000| 99%| O|  |TAMS 0x00000000c19ffff0, 0x00000000c1900000| Untracked 
|  26|0x00000000c1a00000, 0x00000000c1a8d988, 0x00000000c1b00000| 55%| O|  |TAMS 0x00000000c1a00000, 0x00000000c1a00000| Untracked 
|  27|0x00000000c1b00000, 0x00000000c1b0d4a0, 0x00000000c1c00000|  5%| O|  |TAMS 0x00000000c1b00000, 0x00000000c1b00000| Untracked 
|  28|0x00000000c1c00000, 0x00000000c1c00000, 0x00000000c1d00000|  0%| F|  |TAMS 0x00000000c1c00000, 0x00000000c1c00000| Untracked 
|  29|0x00000000c1d00000, 0x00000000c1d00000, 0x00000000c1e00000|  0%| F|  |TAMS 0x00000000c1d00000, 0x00000000c1d00000| Untracked 
|  30|0x00000000c1e00000, 0x00000000c1e00000, 0x00000000c1f00000|  0%| F|  |TAMS 0x00000000c1e00000, 0x00000000c1e00000| Untracked 
|  31|0x00000000c1f00000, 0x00000000c1f00000, 0x00000000c2000000|  0%| F|  |TAMS 0x00000000c1f00000, 0x00000000c1f00000| Untracked 
|  32|0x00000000c2000000, 0x00000000c2000000, 0x00000000c2100000|  0%| F|  |TAMS 0x00000000c2000000, 0x00000000c2000000| Untracked 
|  33|0x00000000c2100000, 0x00000000c2100000, 0x00000000c2200000|  0%| F|  |TAMS 0x00000000c2100000, 0x00000000c2100000| Untracked 
|  34|0x00000000c2200000, 0x00000000c2200000, 0x00000000c2300000|  0%| F|  |TAMS 0x00000000c2200000, 0x00000000c2200000| Untracked 
|  35|0x00000000c2300000, 0x00000000c2300000, 0x00000000c2400000|  0%| F|  |TAMS 0x00000000c2300000, 0x00000000c2300000| Untracked 
|  36|0x00000000c2400000, 0x00000000c2400000, 0x00000000c2500000|  0%| F|  |TAMS 0x00000000c2400000, 0x00000000c2400000| Untracked 
|  37|0x00000000c2500000, 0x00000000c2500000, 0x00000000c2600000|  0%| F|  |TAMS 0x00000000c2500000, 0x00000000c2500000| Untracked 
|  38|0x00000000c2600000, 0x00000000c2600000, 0x00000000c2700000|  0%| F|  |TAMS 0x00000000c2600000, 0x00000000c2600000| Untracked 
|  39|0x00000000c2700000, 0x00000000c2700000, 0x00000000c2800000|  0%| F|  |TAMS 0x00000000c2700000, 0x00000000c2700000| Untracked 
|  40|0x00000000c2800000, 0x00000000c2800000, 0x00000000c2900000|  0%| F|  |TAMS 0x00000000c2800000, 0x00000000c2800000| Untracked 
|  41|0x00000000c2900000, 0x00000000c2900000, 0x00000000c2a00000|  0%| F|  |TAMS 0x00000000c2900000, 0x00000000c2900000| Untracked 
|  42|0x00000000c2a00000, 0x00000000c2a00000, 0x00000000c2b00000|  0%| F|  |TAMS 0x00000000c2a00000, 0x00000000c2a00000| Untracked 
|  43|0x00000000c2b00000, 0x00000000c2b00000, 0x00000000c2c00000|  0%| F|  |TAMS 0x00000000c2b00000, 0x00000000c2b00000| Untracked 
|  44|0x00000000c2c00000, 0x00000000c2c00000, 0x00000000c2d00000|  0%| F|  |TAMS 0x00000000c2c00000, 0x00000000c2c00000| Untracked 
|  45|0x00000000c2d00000, 0x00000000c2d00000, 0x00000000c2e00000|  0%| F|  |TAMS 0x00000000c2d00000, 0x00000000c2d00000| Untracked 
|  46|0x00000000c2e00000, 0x00000000c2e00000, 0x00000000c2f00000|  0%| F|  |TAMS 0x00000000c2e00000, 0x00000000c2e00000| Untracked 
|  47|0x00000000c2f00000, 0x00000000c2f00000, 0x00000000c3000000|  0%| F|  |TAMS 0x00000000c2f00000, 0x00000000c2f00000| Untracked 
|  48|0x00000000c3000000, 0x00000000c3000000, 0x00000000c3100000|  0%| F|  |TAMS 0x00000000c3000000, 0x00000000c3000000| Untracked 
|  49|0x00000000c3100000, 0x00000000c3100000, 0x00000000c3200000|  0%| F|  |TAMS 0x00000000c3100000, 0x00000000c3100000| Untracked 
|  50|0x00000000c3200000, 0x00000000c3200000, 0x00000000c3300000|  0%| F|  |TAMS 0x00000000c3200000, 0x00000000c3200000| Untracked 
|  51|0x00000000c3300000, 0x00000000c3300000, 0x00000000c3400000|  0%| F|  |TAMS 0x00000000c3300000, 0x00000000c3300000| Untracked 
|  52|0x00000000c3400000, 0x00000000c3400000, 0x00000000c3500000|  0%| F|  |TAMS 0x00000000c3400000, 0x00000000c3400000| Untracked 
|  53|0x00000000c3500000, 0x00000000c3500000, 0x00000000c3600000|  0%| F|  |TAMS 0x00000000c3500000, 0x00000000c3500000| Untracked 
|  54|0x00000000c3600000, 0x00000000c3600000, 0x00000000c3700000|  0%| F|  |TAMS 0x00000000c3600000, 0x00000000c3600000| Untracked 
|  55|0x00000000c3700000, 0x00000000c3700000, 0x00000000c3800000|  0%| F|  |TAMS 0x00000000c3700000, 0x00000000c3700000| Untracked 
|  56|0x00000000c3800000, 0x00000000c3800000, 0x00000000c3900000|  0%| F|  |TAMS 0x00000000c3800000, 0x00000000c3800000| Untracked 
|  57|0x00000000c3900000, 0x00000000c3900000, 0x00000000c3a00000|  0%| F|  |TAMS 0x00000000c3900000, 0x00000000c3900000| Untracked 
|  58|0x00000000c3a00000, 0x00000000c3a00000, 0x00000000c3b00000|  0%| F|  |TAMS 0x00000000c3a00000, 0x00000000c3a00000| Untracked 
|  59|0x00000000c3b00000, 0x00000000c3b00000, 0x00000000c3c00000|  0%| F|  |TAMS 0x00000000c3b00000, 0x00000000c3b00000| Untracked 
|  60|0x00000000c3c00000, 0x00000000c3c00000, 0x00000000c3d00000|  0%| F|  |TAMS 0x00000000c3c00000, 0x00000000c3c00000| Untracked 
|  61|0x00000000c3d00000, 0x00000000c3d00000, 0x00000000c3e00000|  0%| F|  |TAMS 0x00000000c3d00000, 0x00000000c3d00000| Untracked 
|  62|0x00000000c3e00000, 0x00000000c3e00000, 0x00000000c3f00000|  0%| F|  |TAMS 0x00000000c3e00000, 0x00000000c3e00000| Untracked 
|  63|0x00000000c3f00000, 0x00000000c3f00000, 0x00000000c4000000|  0%| F|  |TAMS 0x00000000c3f00000, 0x00000000c3f00000| Untracked 
|  64|0x00000000c4000000, 0x00000000c4000000, 0x00000000c4100000|  0%| F|  |TAMS 0x00000000c4000000, 0x00000000c4000000| Untracked 
|  65|0x00000000c4100000, 0x00000000c4100000, 0x00000000c4200000|  0%| F|  |TAMS 0x00000000c4100000, 0x00000000c4100000| Untracked 
|  66|0x00000000c4200000, 0x00000000c4200000, 0x00000000c4300000|  0%| F|  |TAMS 0x00000000c4200000, 0x00000000c4200000| Untracked 
|  81|0x00000000c5100000, 0x00000000c5100000, 0x00000000c5200000|  0%| F|  |TAMS 0x00000000c5100000, 0x00000000c5100000| Untracked 
|  82|0x00000000c5200000, 0x00000000c5200000, 0x00000000c5300000|  0%| F|  |TAMS 0x00000000c5200000, 0x00000000c5200000| Untracked 
|  83|0x00000000c5300000, 0x00000000c5300000, 0x00000000c5400000|  0%| F|  |TAMS 0x00000000c5300000, 0x00000000c5300000| Untracked 
|  84|0x00000000c5400000, 0x00000000c5400000, 0x00000000c5500000|  0%| F|  |TAMS 0x00000000c5400000, 0x00000000c5400000| Untracked 
|  85|0x00000000c5500000, 0x00000000c5500000, 0x00000000c5600000|  0%| F|  |TAMS 0x00000000c5500000, 0x00000000c5500000| Untracked 
| 122|0x00000000c7a00000, 0x00000000c7a00000, 0x00000000c7b00000|  0%| F|  |TAMS 0x00000000c7a00000, 0x00000000c7a00000| Untracked 
| 123|0x00000000c7b00000, 0x00000000c7b16aa0, 0x00000000c7c00000|  8%| E|  |TAMS 0x00000000c7b00000, 0x00000000c7b00000| Complete 

Card table byte_map: [0x0000020607520000,0x0000020607720000] _byte_map_base: 0x0000020606f20000

Marking Bits (Prev, Next): (CMBitMap*) 0x000002067f5283c0, (CMBitMap*) 0x000002067f528380
 Prev Bits: [0x0000020608920000, 0x0000020609920000)
 Next Bits: [0x0000020607920000, 0x0000020608920000)

Polling page: 0x000002067f590000

Metaspace:

Usage:
  Non-class:     42.30 MB used.
      Class:      6.10 MB used.
       Both:     48.39 MB used.

Virtual space:
  Non-class space:       64.00 MB reserved,      42.62 MB ( 67%) committed,  1 nodes.
      Class space:        1.00 GB reserved,       6.31 MB ( <1%) committed,  1 nodes.
             Both:        1.06 GB reserved,      48.94 MB (  4%) committed. 

Chunk freelists:
   Non-Class:  5.18 MB
       Class:  9.66 MB
        Both:  14.85 MB

MaxMetaspaceSize: unlimited
CompressedClassSpaceSize: 1.00 GB
Initial GC threshold: 21.00 MB
Current GC threshold: 81.56 MB
CDS: off
MetaspaceReclaimPolicy: balanced
 - commit_granule_bytes: 65536.
 - commit_granule_words: 8192.
 - virtual_space_node_default_size: 8388608.
 - enlarge_chunks_in_place: 1.
 - new_chunks_are_fully_committed: 0.
 - uncommit_free_chunks: 1.
 - use_allocation_guard: 0.
 - handle_deallocations: 1.


Internal statistics:

num_allocs_failed_limit: 8.
num_arena_births: 616.
num_arena_deaths: 208.
num_vsnodes_births: 2.
num_vsnodes_deaths: 0.
num_space_committed: 782.
num_space_uncommitted: 0.
num_chunks_returned_to_freelist: 243.
num_chunks_taken_from_freelist: 2074.
num_chunk_merges: 76.
num_chunk_splits: 1413.
num_chunks_enlarged: 1089.
num_inconsistent_stats: 0.

CodeCache: size=49152Kb used=8706Kb max_used=8982Kb free=40446Kb
 bounds [0x0000020603ff0000, 0x00000206048c0000, 0x0000020606ff0000]
 total_blobs=5403 nmethods=4782 adapters=548
 compilation: enabled
              stopped_count=0, restarted_count=0
 full_count=0

Compilation events (20 events):
Event: 6920.058 Thread 0x000002060c4ca3f0 4778       1       org.eclipse.lsp4j.jsonrpc.RemoteEndpoint::createResponseMessage (24 bytes)
Event: 6920.059 Thread 0x000002060c4ca3f0 nmethod 4778 0x0000020604278310 code [0x00000206042784c0, 0x0000020604278718]
Event: 6920.059 Thread 0x000002060c4ca3f0 4779   !   1       java.util.concurrent.CompletableFuture::uniExceptionally (76 bytes)
Event: 6920.061 Thread 0x000002060c4ca3f0 nmethod 4779 0x0000020604276e10 code [0x00000206042770c0, 0x0000020604277c18]
Event: 6920.061 Thread 0x000002060c4ca3f0 4780       1       java.util.concurrent.CompletableFuture::internalComplete (10 bytes)
Event: 6920.062 Thread 0x000002060c4ca3f0 nmethod 4780 0x0000020604276710 code [0x00000206042768e0, 0x0000020604276c38]
Event: 6920.062 Thread 0x000002060c4ca3f0 4781       1       org.eclipse.lsp4j.jsonrpc.RemoteEndpoint$$Lambda$757/0x0000000100522468::apply (16 bytes)
Event: 6920.062 Thread 0x000002060c4ca3f0 nmethod 4781 0x0000020604276210 code [0x00000206042763c0, 0x00000206042765c8]
Event: 6920.062 Thread 0x000002060c4ca3f0 4782   !   1       org.eclipse.lsp4j.jsonrpc.RemoteEndpoint::lambda$handleRequest$3 (32 bytes)
Event: 6920.062 Thread 0x000002060c4ca3f0 nmethod 4782 0x0000020604275d90 code [0x0000020604275f40, 0x0000020604276108]
Event: 6920.110 Thread 0x000002060c4ca3f0 4783       1       java.util.concurrent.CompletableFuture::screenExecutor (31 bytes)
Event: 6920.110 Thread 0x000002060c4ca3f0 nmethod 4783 0x0000020604275a10 code [0x0000020604275ba0, 0x0000020604275cc8]
Event: 6920.209 Thread 0x000002060c4ca3f0 4784       1       java.util.concurrent.SynchronousQueue::offer (31 bytes)
Event: 6920.210 Thread 0x000002060c4ca3f0 nmethod 4784 0x0000020604275610 code [0x00000206042757c0, 0x0000020604275958]
Event: 6920.257 Thread 0x000002060c4ca3f0 4785       1       org.eclipse.lsp4j.jsonrpc.CompletableFutures$FutureCancelChecker::<init> (10 bytes)
Event: 6920.257 Thread 0x000002060c4ca3f0 nmethod 4785 0x0000020604275310 code [0x00000206042754a0, 0x00000206042755b8]
Event: 6920.257 Thread 0x000002060c4ca3f0 4786       1       java.util.concurrent.CompletableFuture$UniExceptionally::tryFire (82 bytes)
Event: 6920.258 Thread 0x000002060c4ca3f0 nmethod 4786 0x0000020604274e10 code [0x0000020604274fc0, 0x0000020604275218]
Event: 6920.363 Thread 0x000002060c4ca3f0 4787       1       java.util.concurrent.SynchronousQueue::poll (38 bytes)
Event: 6920.364 Thread 0x000002060c4ca3f0 nmethod 4787 0x0000020604274890 code [0x0000020604274a60, 0x0000020604274c78]

GC Heap History (20 events):
Event: 6804.472 GC heap before
{Heap before GC invocations=501 (full 491):
 garbage-first heap   total 75776K, used 27135K [0x00000000c0000000, 0x0000000100000000)
  region size 1024K, 1 young (1024K), 0 survivors (0K)
 Metaspace       used 49510K, committed 50112K, reserved 1114112K
  class space    used 6231K, committed 6464K, reserved 1048576K
}
Event: 6804.508 GC heap after
{Heap after GC invocations=502 (full 492):
 garbage-first heap   total 75776K, used 27135K [0x00000000c0000000, 0x0000000100000000)
  region size 1024K, 0 young (0K), 0 survivors (0K)
 Metaspace       used 49510K, committed 50112K, reserved 1114112K
  class space    used 6231K, committed 6464K, reserved 1048576K
}
Event: 6814.755 GC heap before
{Heap before GC invocations=502 (full 492):
 garbage-first heap   total 75776K, used 27135K [0x00000000c0000000, 0x0000000100000000)
  region size 1024K, 1 young (1024K), 0 survivors (0K)
 Metaspace       used 49510K, committed 50112K, reserved 1114112K
  class space    used 6231K, committed 6464K, reserved 1048576K
}
Event: 6814.790 GC heap after
{Heap after GC invocations=503 (full 493):
 garbage-first heap   total 75776K, used 27135K [0x00000000c0000000, 0x0000000100000000)
  region size 1024K, 0 young (0K), 0 survivors (0K)
 Metaspace       used 49510K, committed 50112K, reserved 1114112K
  class space    used 6231K, committed 6464K, reserved 1048576K
}
Event: 6825.047 GC heap before
{Heap before GC invocations=503 (full 493):
 garbage-first heap   total 75776K, used 27135K [0x00000000c0000000, 0x0000000100000000)
  region size 1024K, 1 young (1024K), 0 survivors (0K)
 Metaspace       used 49510K, committed 50112K, reserved 1114112K
  class space    used 6231K, committed 6464K, reserved 1048576K
}
Event: 6825.080 GC heap after
{Heap after GC invocations=504 (full 494):
 garbage-first heap   total 75776K, used 27135K [0x00000000c0000000, 0x0000000100000000)
  region size 1024K, 0 young (0K), 0 survivors (0K)
 Metaspace       used 49510K, committed 50112K, reserved 1114112K
  class space    used 6231K, committed 6464K, reserved 1048576K
}
Event: 6835.304 GC heap before
{Heap before GC invocations=504 (full 494):
 garbage-first heap   total 75776K, used 27135K [0x00000000c0000000, 0x0000000100000000)
  region size 1024K, 1 young (1024K), 0 survivors (0K)
 Metaspace       used 49510K, committed 50112K, reserved 1114112K
  class space    used 6231K, committed 6464K, reserved 1048576K
}
Event: 6835.336 GC heap after
{Heap after GC invocations=505 (full 495):
 garbage-first heap   total 75776K, used 27135K [0x00000000c0000000, 0x0000000100000000)
  region size 1024K, 0 young (0K), 0 survivors (0K)
 Metaspace       used 49510K, committed 50112K, reserved 1114112K
  class space    used 6231K, committed 6464K, reserved 1048576K
}
Event: 6845.600 GC heap before
{Heap before GC invocations=505 (full 495):
 garbage-first heap   total 75776K, used 27135K [0x00000000c0000000, 0x0000000100000000)
  region size 1024K, 1 young (1024K), 0 survivors (0K)
 Metaspace       used 49510K, committed 50112K, reserved 1114112K
  class space    used 6231K, committed 6464K, reserved 1048576K
}
Event: 6845.643 GC heap after
{Heap after GC invocations=506 (full 496):
 garbage-first heap   total 75776K, used 27135K [0x00000000c0000000, 0x0000000100000000)
  region size 1024K, 0 young (0K), 0 survivors (0K)
 Metaspace       used 49510K, committed 50112K, reserved 1114112K
  class space    used 6231K, committed 6464K, reserved 1048576K
}
Event: 6855.832 GC heap before
{Heap before GC invocations=506 (full 496):
 garbage-first heap   total 75776K, used 27135K [0x00000000c0000000, 0x0000000100000000)
  region size 1024K, 1 young (1024K), 0 survivors (0K)
 Metaspace       used 49510K, committed 50112K, reserved 1114112K
  class space    used 6231K, committed 6464K, reserved 1048576K
}
Event: 6855.858 GC heap after
{Heap after GC invocations=507 (full 497):
 garbage-first heap   total 75776K, used 27135K [0x00000000c0000000, 0x0000000100000000)
  region size 1024K, 0 young (0K), 0 survivors (0K)
 Metaspace       used 49510K, committed 50112K, reserved 1114112K
  class space    used 6231K, committed 6464K, reserved 1048576K
}
Event: 6866.071 GC heap before
{Heap before GC invocations=507 (full 497):
 garbage-first heap   total 75776K, used 27135K [0x00000000c0000000, 0x0000000100000000)
  region size 1024K, 1 young (1024K), 0 survivors (0K)
 Metaspace       used 49510K, committed 50112K, reserved 1114112K
  class space    used 6231K, committed 6464K, reserved 1048576K
}
Event: 6866.098 GC heap after
{Heap after GC invocations=508 (full 498):
 garbage-first heap   total 75776K, used 27135K [0x00000000c0000000, 0x0000000100000000)
  region size 1024K, 0 young (0K), 0 survivors (0K)
 Metaspace       used 49510K, committed 50112K, reserved 1114112K
  class space    used 6231K, committed 6464K, reserved 1048576K
}
Event: 6966.489 GC heap before
{Heap before GC invocations=508 (full 498):
 garbage-first heap   total 75776K, used 33279K [0x00000000c0000000, 0x0000000100000000)
  region size 1024K, 7 young (7168K), 0 survivors (0K)
 Metaspace       used 49561K, committed 50112K, reserved 1114112K
  class space    used 6243K, committed 6464K, reserved 1048576K
}
Event: 6966.659 GC heap after
{Heap after GC invocations=509 (full 499):
 garbage-first heap   total 75776K, used 27594K [0x00000000c0000000, 0x0000000100000000)
  region size 1024K, 0 young (0K), 0 survivors (0K)
 Metaspace       used 49561K, committed 50112K, reserved 1114112K
  class space    used 6243K, committed 6464K, reserved 1048576K
}
Event: 6976.942 GC heap before
{Heap before GC invocations=509 (full 499):
 garbage-first heap   total 75776K, used 27594K [0x00000000c0000000, 0x0000000100000000)
  region size 1024K, 1 young (1024K), 0 survivors (0K)
 Metaspace       used 49561K, committed 50112K, reserved 1114112K
  class space    used 6243K, committed 6464K, reserved 1048576K
}
Event: 6977.289 GC heap after
{Heap after GC invocations=510 (full 500):
 garbage-first heap   total 75776K, used 27244K [0x00000000c0000000, 0x0000000100000000)
  region size 1024K, 0 young (0K), 0 survivors (0K)
 Metaspace       used 49556K, committed 50112K, reserved 1114112K
  class space    used 6242K, committed 6464K, reserved 1048576K
}
Event: 6987.544 GC heap before
{Heap before GC invocations=510 (full 500):
 garbage-first heap   total 75776K, used 27244K [0x00000000c0000000, 0x0000000100000000)
  region size 1024K, 1 young (1024K), 0 survivors (0K)
 Metaspace       used 49556K, committed 50112K, reserved 1114112K
  class space    used 6242K, committed 6464K, reserved 1048576K
}
Event: 6987.605 GC heap after
{Heap after GC invocations=511 (full 501):
 garbage-first heap   total 75776K, used 27240K [0x00000000c0000000, 0x0000000100000000)
  region size 1024K, 0 young (0K), 0 survivors (0K)
 Metaspace       used 49556K, committed 50112K, reserved 1114112K
  class space    used 6242K, committed 6464K, reserved 1048576K
}

Dll operation events (10 events):
Event: 0.008 Loaded shared library c:\Users\thila\.vscode\extensions\redhat.java-1.33.0-win32-x64\jre\17.0.11-win32-x86_64\bin\java.dll
Event: 0.265 Loaded shared library C:\Users\thila\.vscode\extensions\redhat.java-1.33.0-win32-x64\jre\17.0.11-win32-x86_64\bin\net.dll
Event: 0.267 Loaded shared library C:\Users\thila\.vscode\extensions\redhat.java-1.33.0-win32-x64\jre\17.0.11-win32-x86_64\bin\nio.dll
Event: 1.136 Loaded shared library C:\Users\thila\.vscode\extensions\redhat.java-1.33.0-win32-x64\jre\17.0.11-win32-x86_64\bin\zip.dll
Event: 16.826 Loaded shared library C:\Users\thila\.vscode\extensions\redhat.java-1.33.0-win32-x64\jre\17.0.11-win32-x86_64\bin\jimage.dll
Event: 21.007 Loaded shared library c:\Users\thila\.vscode\extensions\redhat.java-1.33.0-win32-x64\jre\17.0.11-win32-x86_64\bin\verify.dll
Event: 32.006 
Event: 32.015 
Event: 34.893 




 