2024-08-11 01:57:35,551 INFO o.s.b.StartupInfoLogger [restartedMain] Starting QuizspringApplication using Java 17.0.10 with PID 5972 (C:\Users\thila\OneDrive\Documents\GitHub\SDP_PROJECT\software_design_pattern\SDP-BACKEND\Spring-Security-Backend-main\Spring-Security-Backend-main\target\classes started by thila in C:\Users\thila\OneDrive\Documents\GitHub\SDP_PROJECT\software_design_pattern\SDP-BACKEND\Spring-Security-Backend-main\Spring-Security-Backend-main)
2024-08-11 01:57:35,559 INFO o.s.b.SpringApplication [restartedMain] No active profile set, falling back to 1 default profile: "default"
2024-08-11 01:57:35,890 INFO o.s.d.r.c.RepositoryConfigurationDelegate [restartedMain] Bootstrapping Spring Data JPA repositories in DEFAULT mode.
2024-08-11 01:57:35,939 INFO o.s.d.r.c.RepositoryConfigurationDelegate [restartedMain] Finished Spring Data repository scanning in 36 ms. Found 5 JPA repository interfaces.
2024-08-11 01:57:36,089 INFO o.s.b.w.e.t.TomcatWebServer [restartedMain] Tomcat initialized with port 7777 (http)
2024-08-11 01:57:36,089 INFO o.a.j.l.DirectJDKLog [restartedMain] Initializing ProtocolHandler ["http-nio-7777"]
2024-08-11 01:57:36,098 INFO o.a.j.l.DirectJDKLog [restartedMain] Starting service [Tomcat]
2024-08-11 01:57:36,099 INFO o.a.j.l.DirectJDKLog [restartedMain] Starting Servlet engine: [Apache Tomcat/10.1.26]
2024-08-11 01:57:36,118 INFO o.a.j.l.DirectJDKLog [restartedMain] Initializing Spring embedded WebApplicationContext
2024-08-11 01:57:36,118 INFO o.s.b.w.s.c.ServletWebServerApplicationContext [restartedMain] Root WebApplicationContext: initialization completed in 548 ms
2024-08-11 01:57:36,121 ERROR o.s.b.w.e.t.TomcatStarter [restartedMain] Error starting Tomcat context. Exception: org.springframework.beans.factory.UnsatisfiedDependencyException. Message: Error creating bean with name 'jwtAuthenticationFilter' defined in file [C:\Users\thila\OneDrive\Documents\GitHub\SDP_PROJECT\software_design_pattern\SDP-BACKEND\Spring-Security-Backend-main\Spring-Security-Backend-main\target\classes\com\max\quizspring\config\JwtAuthenticationFilter.class]: Unsatisfied dependency expressed through constructor parameter 0: No qualifying bean of type 'com.max.quizspring.config.JwtToken' available: expected at least 1 bean which qualifies as autowire candidate. Dependency annotations: {}
2024-08-11 01:57:36,131 INFO o.a.j.l.DirectJDKLog [restartedMain] Stopping service [Tomcat]
2024-08-11 01:57:36,132 WARN o.s.c.s.AbstractApplicationContext [restartedMain] Exception encountered during context initialization - cancelling refresh attempt: org.springframework.context.ApplicationContextException: Unable to start web server
2024-08-11 01:57:36,139 INFO o.s.b.a.l.ConditionEvaluationReportLogger [restartedMain] 

Error starting ApplicationContext. To display the condition evaluation report re-run your application with 'debug' enabled.
2024-08-11 01:57:36,150 ERROR o.s.b.d.LoggingFailureAnalysisReporter [restartedMain] 

***************************
APPLICATION FAILED TO START
***************************

Description:

Parameter 0 of constructor in com.max.quizspring.config.JwtAuthenticationFilter required a bean of type 'com.max.quizspring.config.JwtToken' that could not be found.


Action:

Consider defining a bean of type 'com.max.quizspring.config.JwtToken' in your configuration.

2024-08-11 01:59:49,280 INFO o.s.b.StartupInfoLogger [restartedMain] Starting QuizspringApplication using Java 17.0.10 with PID 5972 (C:\Users\thila\OneDrive\Documents\GitHub\SDP_PROJECT\software_design_pattern\SDP-BACKEND\Spring-Security-Backend-main\Spring-Security-Backend-main\target\classes started by thila in C:\Users\thila\OneDrive\Documents\GitHub\SDP_PROJECT\software_design_pattern\SDP-BACKEND\Spring-Security-Backend-main\Spring-Security-Backend-main)
2024-08-11 01:59:49,280 INFO o.s.b.SpringApplication [restartedMain] No active profile set, falling back to 1 default profile: "default"
2024-08-11 01:59:49,597 INFO o.s.d.r.c.RepositoryConfigurationDelegate [restartedMain] Bootstrapping Spring Data JPA repositories in DEFAULT mode.
2024-08-11 01:59:49,623 INFO o.s.d.r.c.RepositoryConfigurationDelegate [restartedMain] Finished Spring Data repository scanning in 27 ms. Found 5 JPA repository interfaces.
2024-08-11 01:59:49,791 INFO o.s.b.w.e.t.TomcatWebServer [restartedMain] Tomcat initialized with port 7777 (http)
2024-08-11 01:59:49,796 INFO o.a.j.l.DirectJDKLog [restartedMain] Initializing ProtocolHandler ["http-nio-7777"]
2024-08-11 01:59:49,796 INFO o.a.j.l.DirectJDKLog [restartedMain] Starting service [Tomcat]
2024-08-11 01:59:49,796 INFO o.a.j.l.DirectJDKLog [restartedMain] Starting Servlet engine: [Apache Tomcat/10.1.26]
2024-08-11 01:59:49,823 INFO o.a.j.l.DirectJDKLog [restartedMain] Initializing Spring embedded WebApplicationContext
2024-08-11 01:59:49,823 INFO o.s.b.w.s.c.ServletWebServerApplicationContext [restartedMain] Root WebApplicationContext: initialization completed in 543 ms
2024-08-11 01:59:49,839 ERROR o.s.b.w.e.t.TomcatStarter [restartedMain] Error starting Tomcat context. Exception: org.springframework.beans.factory.UnsatisfiedDependencyException. Message: Error creating bean with name 'jwtAuthenticationFilter' defined in file [C:\Users\thila\OneDrive\Documents\GitHub\SDP_PROJECT\software_design_pattern\SDP-BACKEND\Spring-Security-Backend-main\Spring-Security-Backend-main\target\classes\com\max\quizspring\config\JwtAuthenticationFilter.class]: Unsatisfied dependency expressed through constructor parameter 0: No qualifying bean of type 'com.max.quizspring.config.JwtToken' available: expected at least 1 bean which qualifies as autowire candidate. Dependency annotations: {}
2024-08-11 01:59:49,846 INFO o.a.j.l.DirectJDKLog [restartedMain] Stopping service [Tomcat]
2024-08-11 01:59:49,848 WARN o.s.c.s.AbstractApplicationContext [restartedMain] Exception encountered during context initialization - cancelling refresh attempt: org.springframework.context.ApplicationContextException: Unable to start web server
2024-08-11 01:59:49,858 INFO o.s.b.a.l.ConditionEvaluationReportLogger [restartedMain] 

Error starting ApplicationContext. To display the condition evaluation report re-run your application with 'debug' enabled.
2024-08-11 01:59:49,868 ERROR o.s.b.d.LoggingFailureAnalysisReporter [restartedMain] 

***************************
APPLICATION FAILED TO START
***************************

Description:

Parameter 0 of constructor in com.max.quizspring.config.JwtAuthenticationFilter required a bean of type 'com.max.quizspring.config.JwtToken' that could not be found.


Action:

Consider defining a bean of type 'com.max.quizspring.config.JwtToken' in your configuration.

2024-08-11 02:03:06,267 INFO o.s.b.StartupInfoLogger [restartedMain] Starting QuizspringApplication using Java 17.0.10 with PID 5972 (C:\Users\thila\OneDrive\Documents\GitHub\SDP_PROJECT\software_design_pattern\SDP-BACKEND\Spring-Security-Backend-main\Spring-Security-Backend-main\target\classes started by thila in C:\Users\thila\OneDrive\Documents\GitHub\SDP_PROJECT\software_design_pattern\SDP-BACKEND\Spring-Security-Backend-main\Spring-Security-Backend-main)
2024-08-11 02:03:06,273 INFO o.s.b.SpringApplication [restartedMain] No active profile set, falling back to 1 default profile: "default"
2024-08-11 02:03:06,526 INFO o.s.d.r.c.RepositoryConfigurationDelegate [restartedMain] Bootstrapping Spring Data JPA repositories in DEFAULT mode.
2024-08-11 02:03:06,561 INFO o.s.d.r.c.RepositoryConfigurationDelegate [restartedMain] Finished Spring Data repository scanning in 24 ms. Found 5 JPA repository interfaces.
2024-08-11 02:03:06,761 INFO o.s.b.w.e.t.TomcatWebServer [restartedMain] Tomcat initialized with port 7777 (http)
2024-08-11 02:03:06,766 INFO o.a.j.l.DirectJDKLog [restartedMain] Initializing ProtocolHandler ["http-nio-7777"]
2024-08-11 02:03:06,766 INFO o.a.j.l.DirectJDKLog [restartedMain] Starting service [Tomcat]
2024-08-11 02:03:06,766 INFO o.a.j.l.DirectJDKLog [restartedMain] Starting Servlet engine: [Apache Tomcat/10.1.26]
2024-08-11 02:03:06,785 INFO o.a.j.l.DirectJDKLog [restartedMain] Initializing Spring embedded WebApplicationContext
2024-08-11 02:03:06,785 INFO o.s.b.w.s.c.ServletWebServerApplicationContext [restartedMain] Root WebApplicationContext: initialization completed in 510 ms
2024-08-11 02:03:06,790 ERROR o.s.b.w.e.t.TomcatStarter [restartedMain] Error starting Tomcat context. Exception: org.springframework.beans.factory.UnsatisfiedDependencyException. Message: Error creating bean with name 'jwtAuthenticationFilter' defined in file [C:\Users\thila\OneDrive\Documents\GitHub\SDP_PROJECT\software_design_pattern\SDP-BACKEND\Spring-Security-Backend-main\Spring-Security-Backend-main\target\classes\com\max\quizspring\config\JwtAuthenticationFilter.class]: Unsatisfied dependency expressed through constructor parameter 0: No qualifying bean of type 'com.max.quizspring.config.JwtToken' available: expected at least 1 bean which qualifies as autowire candidate. Dependency annotations: {}
2024-08-11 02:03:06,796 INFO o.a.j.l.DirectJDKLog [restartedMain] Stopping service [Tomcat]
2024-08-11 02:03:06,801 WARN o.s.c.s.AbstractApplicationContext [restartedMain] Exception encountered during context initialization - cancelling refresh attempt: org.springframework.context.ApplicationContextException: Unable to start web server
2024-08-11 02:03:06,807 INFO o.s.b.a.l.ConditionEvaluationReportLogger [restartedMain] 

Error starting ApplicationContext. To display the condition evaluation report re-run your application with 'debug' enabled.
2024-08-11 02:03:06,807 ERROR o.s.b.d.LoggingFailureAnalysisReporter [restartedMain] 

***************************
APPLICATION FAILED TO START
***************************

Description:

Parameter 0 of constructor in com.max.quizspring.config.JwtAuthenticationFilter required a bean of type 'com.max.quizspring.config.JwtToken' that could not be found.


Action:

Consider defining a bean of type 'com.max.quizspring.config.JwtToken' in your configuration.

2024-08-11 02:03:14,504 INFO o.s.b.StartupInfoLogger [restartedMain] Starting QuizspringApplication using Java 17.0.10 with PID 5972 (C:\Users\thila\OneDrive\Documents\GitHub\SDP_PROJECT\software_design_pattern\SDP-BACKEND\Spring-Security-Backend-main\Spring-Security-Backend-main\target\classes started by thila in C:\Users\thila\OneDrive\Documents\GitHub\SDP_PROJECT\software_design_pattern\SDP-BACKEND\Spring-Security-Backend-main\Spring-Security-Backend-main)
2024-08-11 02:03:14,507 INFO o.s.b.SpringApplication [restartedMain] No active profile set, falling back to 1 default profile: "default"
2024-08-11 02:03:14,802 INFO o.s.d.r.c.RepositoryConfigurationDelegate [restartedMain] Bootstrapping Spring Data JPA repositories in DEFAULT mode.
2024-08-11 02:03:14,832 INFO o.s.d.r.c.RepositoryConfigurationDelegate [restartedMain] Finished Spring Data repository scanning in 30 ms. Found 5 JPA repository interfaces.
2024-08-11 02:03:14,972 INFO o.s.b.w.e.t.TomcatWebServer [restartedMain] Tomcat initialized with port 7777 (http)
2024-08-11 02:03:14,972 INFO o.a.j.l.DirectJDKLog [restartedMain] Initializing ProtocolHandler ["http-nio-7777"]
2024-08-11 02:03:14,972 INFO o.a.j.l.DirectJDKLog [restartedMain] Starting service [Tomcat]
2024-08-11 02:03:14,977 INFO o.a.j.l.DirectJDKLog [restartedMain] Starting Servlet engine: [Apache Tomcat/10.1.26]
2024-08-11 02:03:14,999 INFO o.a.j.l.DirectJDKLog [restartedMain] Initializing Spring embedded WebApplicationContext
2024-08-11 02:03:14,999 INFO o.s.b.w.s.c.ServletWebServerApplicationContext [restartedMain] Root WebApplicationContext: initialization completed in 489 ms
2024-08-11 02:03:15,003 ERROR o.s.b.w.e.t.TomcatStarter [restartedMain] Error starting Tomcat context. Exception: org.springframework.beans.factory.UnsatisfiedDependencyException. Message: Error creating bean with name 'jwtAuthenticationFilter' defined in file [C:\Users\thila\OneDrive\Documents\GitHub\SDP_PROJECT\software_design_pattern\SDP-BACKEND\Spring-Security-Backend-main\Spring-Security-Backend-main\target\classes\com\max\quizspring\config\JwtAuthenticationFilter.class]: Unsatisfied dependency expressed through constructor parameter 0: No qualifying bean of type 'com.max.quizspring.config.JwtToken' available: expected at least 1 bean which qualifies as autowire candidate. Dependency annotations: {}
2024-08-11 02:03:15,010 INFO o.a.j.l.DirectJDKLog [restartedMain] Stopping service [Tomcat]
2024-08-11 02:03:15,010 WARN o.s.c.s.AbstractApplicationContext [restartedMain] Exception encountered during context initialization - cancelling refresh attempt: org.springframework.context.ApplicationContextException: Unable to start web server
2024-08-11 02:03:15,018 INFO o.s.b.a.l.ConditionEvaluationReportLogger [restartedMain] 

Error starting ApplicationContext. To display the condition evaluation report re-run your application with 'debug' enabled.
2024-08-11 02:03:15,027 ERROR o.s.b.d.LoggingFailureAnalysisReporter [restartedMain] 

***************************
APPLICATION FAILED TO START
***************************

Description:

Parameter 0 of constructor in com.max.quizspring.config.JwtAuthenticationFilter required a bean of type 'com.max.quizspring.config.JwtToken' that could not be found.


Action:

Consider defining a bean of type 'com.max.quizspring.config.JwtToken' in your configuration.

2024-08-11 02:03:21,662 INFO o.s.b.StartupInfoLogger [restartedMain] Starting QuizspringApplication using Java 17.0.10 with PID 5972 (C:\Users\thila\OneDrive\Documents\GitHub\SDP_PROJECT\software_design_pattern\SDP-BACKEND\Spring-Security-Backend-main\Spring-Security-Backend-main\target\classes started by thila in C:\Users\thila\OneDrive\Documents\GitHub\SDP_PROJECT\software_design_pattern\SDP-BACKEND\Spring-Security-Backend-main\Spring-Security-Backend-main)
2024-08-11 02:03:21,662 INFO o.s.b.SpringApplication [restartedMain] No active profile set, falling back to 1 default profile: "default"
2024-08-11 02:03:21,917 INFO o.s.d.r.c.RepositoryConfigurationDelegate [restartedMain] Bootstrapping Spring Data JPA repositories in DEFAULT mode.
2024-08-11 02:03:21,936 INFO o.s.d.r.c.RepositoryConfigurationDelegate [restartedMain] Finished Spring Data repository scanning in 21 ms. Found 5 JPA repository interfaces.
2024-08-11 02:03:22,041 INFO o.s.b.w.e.t.TomcatWebServer [restartedMain] Tomcat initialized with port 7777 (http)
2024-08-11 02:03:22,041 INFO o.a.j.l.DirectJDKLog [restartedMain] Initializing ProtocolHandler ["http-nio-7777"]
2024-08-11 02:03:22,041 INFO o.a.j.l.DirectJDKLog [restartedMain] Starting service [Tomcat]
2024-08-11 02:03:22,041 INFO o.a.j.l.DirectJDKLog [restartedMain] Starting Servlet engine: [Apache Tomcat/10.1.26]
2024-08-11 02:03:22,059 INFO o.a.j.l.DirectJDKLog [restartedMain] Initializing Spring embedded WebApplicationContext
2024-08-11 02:03:22,065 INFO o.s.b.w.s.c.ServletWebServerApplicationContext [restartedMain] Root WebApplicationContext: initialization completed in 397 ms
2024-08-11 02:03:22,066 ERROR o.s.b.w.e.t.TomcatStarter [restartedMain] Error starting Tomcat context. Exception: org.springframework.beans.factory.UnsatisfiedDependencyException. Message: Error creating bean with name 'jwtAuthenticationFilter' defined in file [C:\Users\thila\OneDrive\Documents\GitHub\SDP_PROJECT\software_design_pattern\SDP-BACKEND\Spring-Security-Backend-main\Spring-Security-Backend-main\target\classes\com\max\quizspring\config\JwtAuthenticationFilter.class]: Unsatisfied dependency expressed through constructor parameter 0: No qualifying bean of type 'com.max.quizspring.config.JwtToken' available: expected at least 1 bean which qualifies as autowire candidate. Dependency annotations: {}
2024-08-11 02:03:22,077 INFO o.a.j.l.DirectJDKLog [restartedMain] Stopping service [Tomcat]
2024-08-11 02:03:22,078 WARN o.s.c.s.AbstractApplicationContext [restartedMain] Exception encountered during context initialization - cancelling refresh attempt: org.springframework.context.ApplicationContextException: Unable to start web server
2024-08-11 02:03:22,082 INFO o.s.b.a.l.ConditionEvaluationReportLogger [restartedMain] 

Error starting ApplicationContext. To display the condition evaluation report re-run your application with 'debug' enabled.
2024-08-11 02:03:22,092 ERROR o.s.b.d.LoggingFailureAnalysisReporter [restartedMain] 

***************************
APPLICATION FAILED TO START
***************************

Description:

Parameter 0 of constructor in com.max.quizspring.config.JwtAuthenticationFilter required a bean of type 'com.max.quizspring.config.JwtToken' that could not be found.


Action:

Consider defining a bean of type 'com.max.quizspring.config.JwtToken' in your configuration.

